#
# There is insufficient memory for the Java Runtime Environment to continue.
# Native memory allocation (mmap) failed to map 134217728 bytes for Failed to commit area from 0x0000000081e00000 to 0x0000000089e00000 of length 134217728.
# Possible reasons:
#   The system is out of physical RAM or swap space
#   The process is running with CompressedOops enabled, and the Java Heap may be blocking the growth of the native heap
# Possible solutions:
#   Reduce memory load on the system
#   Increase physical memory or swap space
#   Check if swap backing store is full
#   Decrease Java heap size (-Xmx/-Xms)
#   Decrease number of Java threads
#   Decrease Java thread stack sizes (-Xss)
#   Set larger code cache with -XX:ReservedCodeCacheSize=
# This output file may be truncated or incomplete.
#
#  Out of Memory Error (t:/workspace/open/src/hotspot/os/windows/os_windows.cpp:3254), pid=10656, tid=38512
#
# JRE version:  (12.0.1+12) (build )
# Java VM: Java HotSpot(TM) 64-Bit Server VM (12.0.1+12, mixed mode, aot, sharing, tiered, compressed oops, g1 gc, windows-amd64)
# No core dump will be written. Minidumps are not enabled by default on client versions of Windows
#

---------------  S U M M A R Y ------------

Command Line: -Dfile.encoding=UTF-8 presenter.system.Sys

Host: Intel(R) Core(TM) i5-8300H CPU @ 2.30GHz, 8 cores, 7G,  Windows 10 , 64 bit Build 18362 (10.0.18362.329)
Time: Sat Feb 22 22:52:33 2020 ?D1¨²¡À¨º¡Á?¨º¡À?? elapsed time: 0 seconds (0d 0h 0m 0s)

---------------  T H R E A D  ---------------

Current thread (0x0000020953389000):  JavaThread "Unknown thread" [_thread_in_vm, id=38512, stack(0x0000008276700000,0x0000008276800000)]

Stack: [0x0000008276700000,0x0000008276800000]
Native frames: (J=compiled Java code, j=interpreted, Vv=VM code, C=native code)
V  [jvm.dll+0x63948a]
V  [jvm.dll+0x78b31f]
V  [jvm.dll+0x78c9c1]
V  [jvm.dll+0x78d013]
V  [jvm.dll+0x262138]
V  [jvm.dll+0x63698a]
V  [jvm.dll+0x62b505]
V  [jvm.dll+0x31d9bc]
V  [jvm.dll+0x31d7ef]
V  [jvm.dll+0x323526]
V  [jvm.dll+0x370f76]
V  [jvm.dll+0x370750]
V  [jvm.dll+0x2f786a]
V  [jvm.dll+0x2f8af2]
V  [jvm.dll+0x7657b7]
V  [jvm.dll+0x766e95]
V  [jvm.dll+0x37f089]
V  [jvm.dll+0x749b14]
V  [jvm.dll+0x3ee48d]
V  [jvm.dll+0x3f03c1]
C  [jli.dll+0x51cf]
C  [ucrtbase.dll+0x20e72]
C  [KERNEL32.DLL+0x17bd4]
C  [ntdll.dll+0x6ced1]


---------------  P R O C E S S  ---------------

Threads class SMR info:
_java_thread_list=0x00007ffcb1ac48e8, length=0, elements={
}

Java Threads: ( => current thread )

Other Threads:
  0x00000209533c2800 GCTaskThread "GC Thread#0" [stack: 0x0000008276800000,0x0000008276900000] [id=10108]
  0x00000209533d0000 ConcurrentGCThread "G1 Main Marker" [stack: 0x0000008276900000,0x0000008276a00000] [id=37992]
  0x00000209533d2800 ConcurrentGCThread "G1 Conc#0" [stack: 0x0000008276a00000,0x0000008276b00000] [id=33724]

[error occurred during error reporting (printing all threads), id 0xc0000005, EXCEPTION_ACCESS_VIOLATION (0xc0000005) at pc=0x00007ffcb12f7a37]

VM state:not at safepoint (not fully initialized)

VM Mutex/Monitor currently owned by a thread:  ([mutex/lock_event])
[0x0000020953385df0] Heap_lock - owner thread: 0x0000020953389000

Heap address: 0x0000000081e00000, size: 2018 MB, Compressed Oops mode: Non-zero based: 0x0000000081e00000
Narrow klass base: 0x0000000000000000, Narrow klass shift: 0

GC Heap History (0 events):
No events

Deoptimization events (0 events):
No events

Classes redefined (0 events):
No events

Internal exceptions (0 events):
No events

Events (0 events):
No events


Dynamic libraries:
0x00007ff60fee0000 - 0x00007ff60feef000 	E:\eclipseWIDE\jdk-12.0.1\bin\javaw.exe
0x00007ffcf6da0000 - 0x00007ffcf6f90000 	C:\WINDOWS\SYSTEM32\ntdll.dll
0x00007ffcf6300000 - 0x00007ffcf63b2000 	C:\WINDOWS\System32\KERNEL32.DLL
0x00007ffcf4ba0000 - 0x00007ffcf4e43000 	C:\WINDOWS\System32\KERNELBASE.dll
0x00007ffcf4220000 - 0x00007ffcf431a000 	C:\WINDOWS\System32\ucrtbase.dll
0x00007ffcea6a0000 - 0x00007ffcea6b8000 	E:\eclipseWIDE\jdk-12.0.1\bin\jli.dll
0x00007ffcea6d0000 - 0x00007ffcea6e6000 	E:\eclipseWIDE\jdk-12.0.1\bin\VCRUNTIME140.dll
0x00007ffcf6c00000 - 0x00007ffcf6ca3000 	C:\WINDOWS\System32\ADVAPI32.dll
0x00007ffcf59b0000 - 0x00007ffcf5a4e000 	C:\WINDOWS\System32\msvcrt.dll
0x00007ffcf4e50000 - 0x00007ffcf4ee7000 	C:\WINDOWS\System32\sechost.dll
0x00007ffcf5b70000 - 0x00007ffcf5c90000 	C:\WINDOWS\System32\RPCRT4.dll
0x00007ffcf4ef0000 - 0x00007ffcf5084000 	C:\WINDOWS\System32\USER32.dll
0x00007ffcf3d30000 - 0x00007ffcf3d51000 	C:\WINDOWS\System32\win32u.dll
0x00007ffcf6210000 - 0x00007ffcf6236000 	C:\WINDOWS\System32\GDI32.dll
0x00007ffcf4080000 - 0x00007ffcf4214000 	C:\WINDOWS\System32\gdi32full.dll
0x00007ffcf4b00000 - 0x00007ffcf4b9e000 	C:\WINDOWS\System32\msvcp_win.dll
0x00007ffce5850000 - 0x00007ffce5ad5000 	C:\WINDOWS\WinSxS\amd64_microsoft.windows.common-controls_6595b64144ccf1df_6.0.18362.535_none_e6c3b34713100821\COMCTL32.dll
0x00007ffcf5c90000 - 0x00007ffcf5fc6000 	C:\WINDOWS\System32\combase.dll
0x00007ffcf3ed0000 - 0x00007ffcf3f50000 	C:\WINDOWS\System32\bcryptPrimitives.dll
0x00007ffced670000 - 0x00007ffced67a000 	C:\WINDOWS\SYSTEM32\VERSION.dll
0x00007ffcf62d0000 - 0x00007ffcf62fe000 	C:\WINDOWS\System32\IMM32.DLL
0x00007ffce3900000 - 0x00007ffce39aa000 	E:\eclipseWIDE\jdk-12.0.1\bin\msvcp140.dll
0x00007ffcb0ff0000 - 0x00007ffcb1b64000 	E:\eclipseWIDE\jdk-12.0.1\bin\server\jvm.dll
0x00007ffcf6180000 - 0x00007ffcf6188000 	C:\WINDOWS\System32\PSAPI.DLL
0x00007ffcefce0000 - 0x00007ffcefce9000 	C:\WINDOWS\SYSTEM32\WSOCK32.dll
0x00007ffcf61a0000 - 0x00007ffcf620f000 	C:\WINDOWS\System32\WS2_32.dll
0x00007ffcd92c0000 - 0x00007ffcd92e4000 	C:\WINDOWS\SYSTEM32\WINMM.dll
0x00007ffce8f30000 - 0x00007ffce8f5d000 	C:\WINDOWS\SYSTEM32\winmmbase.dll
0x00007ffcf4030000 - 0x00007ffcf407a000 	C:\WINDOWS\System32\cfgmgr32.dll
0x00007ffcf3ca0000 - 0x00007ffcf3cb1000 	C:\WINDOWS\System32\kernel.appcore.dll
0x00007ffcef5f0000 - 0x00007ffcef601000 	E:\eclipseWIDE\jdk-12.0.1\bin\verify.dll
0x00007ffcf25b0000 - 0x00007ffcf27a4000 	C:\WINDOWS\SYSTEM32\DBGHELP.DLL
0x00007ffce6100000 - 0x00007ffce612a000 	C:\WINDOWS\SYSTEM32\dbgcore.DLL
0x00007ffceb4d0000 - 0x00007ffceb4f6000 	E:\eclipseWIDE\jdk-12.0.1\bin\java.dll
0x00007ffcef290000 - 0x00007ffcef2a7000 	E:\eclipseWIDE\jdk-12.0.1\bin\zip.dll
0x00007ffcef010000 - 0x00007ffcef01a000 	E:\eclipseWIDE\jdk-12.0.1\bin\jimage.dll

dbghelp: loaded successfully - version: 4.0.5 - missing functions: none
symbol engine: initialized successfully - sym options: 0x614 - pdb path: .;E:\eclipseWIDE\jdk-12.0.1\bin;C:\WINDOWS\SYSTEM32;C:\WINDOWS\WinSxS\amd64_microsoft.windows.common-controls_6595b64144ccf1df_6.0.18362.535_none_e6c3b34713100821;E:\eclipseWIDE\jdk-12.0.1\bin\server

VM Arguments:
jvm_args: -Dfile.encoding=UTF-8 
java_command: presenter.system.Sys
java_class_path (initial): E:\eclipseWIDE\workspace\hotel_guest\bin;E:\eclipseWIDE\workspace\hotel_guest\lib\mysql-connector-java-8.0.17.jar
Launcher Type: SUN_STANDARD

[Global flags]
     intx CICompilerCount                          = 4                                         {product} {ergonomic}
     uint ConcGCThreads                            = 2                                         {product} {ergonomic}
     uint G1ConcRefinementThreads                  = 8                                         {product} {ergonomic}
   size_t G1HeapRegionSize                         = 1048576                                   {product} {ergonomic}
    uintx GCDrainStackTargetSize                   = 64                                        {product} {ergonomic}
   size_t InitialHeapSize                          = 134217728                                 {product} {ergonomic}
   size_t MarkStackSize                            = 4194304                                   {product} {ergonomic}
   size_t MaxHeapSize                              = 2116026368                                {product} {ergonomic}
   size_t MinHeapDeltaBytes                        = 1048576                                   {product} {ergonomic}
    uintx NonNMethodCodeHeapSize                   = 5836300                                {pd product} {ergonomic}
    uintx NonProfiledCodeHeapSize                  = 122910970                              {pd product} {ergonomic}
    uintx ProfiledCodeHeapSize                     = 122910970                              {pd product} {ergonomic}
    uintx ReservedCodeCacheSize                    = 251658240                              {pd product} {ergonomic}
     bool SegmentedCodeCache                       = true                                      {product} {ergonomic}
     bool UseCompressedClassPointers               = true                                 {lp64_product} {ergonomic}
     bool UseCompressedOops                        = true                                 {lp64_product} {ergonomic}
     bool UseG1GC                                  = true                                      {product} {ergonomic}
     bool UseLargePagesIndividualAllocation        = false                                  {pd product} {ergonomic}

Logging:
Log output configuration:
 #0: stdout all=warning uptime,level,tags
 #1: stderr all=off uptime,level,tags

Environment Variables:
PATH=E:/eclipseWIDE/jdk-12.0.1/bin/server;E:/eclipseWIDE/jdk-12.0.1/bin;E:\eclipseWIDE\jdk-12.0.1\bin;E:\eclipseWIDE\eclipse;
USERNAME=echo
OS=Windows_NT
PROCESSOR_IDENTIFIER=Intel64 Family 6 Model 158 Stepping 10, GenuineIntel



---------------  S Y S T E M  ---------------

OS: Windows 10 , 64 bit Build 18362 (10.0.18362.329)

CPU:total 8 (initial active 8) (4 cores per cpu, 2 threads per core) family 6 model 158 stepping 10, cmov, cx8, fxsr, mmx, sse, sse2, sse3, ssse3, sse4.1, sse4.2, popcnt, avx, avx2, aes, clmul, erms, 3dnowpref, lzcnt, ht, tsc, tscinvbit, bmi1, bmi2, adx, fma

Memory: 4k page, system-wide physical 8066M (512M free)
TotalPageFile size 23169M (AvailPageFile size 77M)
current process WorkingSet (physical memory assigned to process): 10M, peak: 10M
current process commit charge ("private bytes"): 60M, peak: 188M

vm_info: Java HotSpot(TM) 64-Bit Server VM (12.0.1+12) for windows-amd64 JRE (12.0.1+12), built on Apr  2 2019 14:02:19 by "mach5one" with MS VC++ 15.5 (VS2017)

END.
