#
# There is insufficient memory for the Java Runtime Environment to continue.
# Native memory allocation (malloc) failed to allocate 986896 bytes for Chunk::new
# Possible reasons:
#   The system is out of physical RAM or swap space
#   The process is running with CompressedOops enabled, and the Java Heap may be blocking the growth of the native heap
# Possible solutions:
#   Reduce memory load on the system
#   Increase physical memory or swap space
#   Check if swap backing store is full
#   Decrease Java heap size (-Xmx/-Xms)
#   Decrease number of Java threads
#   Decrease Java thread stack sizes (-Xss)
#   Set larger code cache with -XX:ReservedCodeCacheSize=
#   JVM is running with Unscaled Compressed Oops mode in which the Java heap is
#     placed in the first 4GB address space. The Java Heap base address is the
#     maximum limit for the native heap growth. Please use -XX:HeapBaseMinAddress
#     to set the Java Heap base and to place the Java Heap above 4GB virtual address.
# This output file may be truncated or incomplete.
#
#  Out of Memory Error (t:/workspace/open/src/hotspot/share/memory/arena.cpp:197), pid=34284, tid=18132
#
# JRE version: Java(TM) SE Runtime Environment (12.0.1+12) (build 12.0.1+12)
# Java VM: Java HotSpot(TM) 64-Bit Server VM (12.0.1+12, mixed mode, sharing, tiered, compressed oops, g1 gc, windows-amd64)
# No core dump will be written. Minidumps are not enabled by default on client versions of Windows
#

---------------  S U M M A R Y ------------

Command Line: -Dfile.encoding=UTF-8 presenter.system.Sys

Host: Intel(R) Core(TM) i5-8300H CPU @ 2.30GHz, 8 cores, 7G,  Windows 10 , 64 bit Build 18362 (10.0.18362.329)
Time: Sat Feb 22 22:49:59 2020 ?D1¨²¡À¨º¡Á?¨º¡À?? elapsed time: 0 seconds (0d 0h 0m 0s)

---------------  T H R E A D  ---------------

Current thread (0x000001ffdea2d000):  JavaThread "C2 CompilerThread1" daemon [_thread_in_native, id=18132, stack(0x0000000b44900000,0x0000000b44a00000)]


Current CompileTask:
C2:    949 1351 %     4       sun.java2d.marlin.DRenderer::_endRendering @ 784 (2480 bytes)

Stack: [0x0000000b44900000,0x0000000b44a00000]
Native frames: (J=compiled Java code, j=interpreted, Vv=VM code, C=native code)
V  [jvm.dll+0x63948a]
V  [jvm.dll+0x78b31f]
V  [jvm.dll+0x78c9c1]
V  [jvm.dll+0x78d013]
V  [jvm.dll+0x262138]
V  [jvm.dll+0xc582c]
V  [jvm.dll+0xc5dac]
V  [jvm.dll+0x3796a7]
V  [jvm.dll+0x1aee00]
V  [jvm.dll+0x21c142]
V  [jvm.dll+0x21b20a]
V  [jvm.dll+0x199890]
V  [jvm.dll+0x22a534]
V  [jvm.dll+0x228b88]
V  [jvm.dll+0x74f660]
V  [jvm.dll+0x748648]
V  [jvm.dll+0x638566]
C  [ucrtbase.dll+0x20e72]
C  [KERNEL32.DLL+0x17bd4]
C  [ntdll.dll+0x6ced1]


---------------  P R O C E S S  ---------------

Threads class SMR info:
_java_thread_list=0x000001ffdeb44160, length=16, elements={
0x000001ffdd9c6000, 0x000001ffdd9c8000, 0x000001ffde1f3800, 0x000001ffde1f4000,
0x000001ffde1f6000, 0x000001ffde1fb800, 0x000001ffdd9ec000, 0x000001ffde338000,
0x000001ffde343800, 0x000001ffde5b0000, 0x000001ffde5b4000, 0x000001ffde5c0800,
0x000001ffde841800, 0x000001ffdea2d000, 0x000001ffdeaab800, 0x000001ffbec88800
}

Java Threads: ( => current thread )
  0x000001ffdd9c6000 JavaThread "Reference Handler" daemon [_thread_blocked, id=17224, stack(0x0000000b43b00000,0x0000000b43c00000)]
  0x000001ffdd9c8000 JavaThread "Finalizer" daemon [_thread_blocked, id=39120, stack(0x0000000b43c00000,0x0000000b43d00000)]
  0x000001ffde1f3800 JavaThread "Signal Dispatcher" daemon [_thread_blocked, id=34492, stack(0x0000000b43d00000,0x0000000b43e00000)]
  0x000001ffde1f4000 JavaThread "Attach Listener" daemon [_thread_blocked, id=38744, stack(0x0000000b43e00000,0x0000000b43f00000)]
  0x000001ffde1f6000 JavaThread "C2 CompilerThread0" daemon [_thread_blocked, id=14416, stack(0x0000000b43f00000,0x0000000b44000000)]
  0x000001ffde1fb800 JavaThread "C1 CompilerThread0" daemon [_thread_blocked, id=39668, stack(0x0000000b44000000,0x0000000b44100000)]
  0x000001ffdd9ec000 JavaThread "Sweeper thread" daemon [_thread_blocked, id=7992, stack(0x0000000b44100000,0x0000000b44200000)]
  0x000001ffde338000 JavaThread "Service Thread" daemon [_thread_blocked, id=14688, stack(0x0000000b44200000,0x0000000b44300000)]
  0x000001ffde343800 JavaThread "Common-Cleaner" daemon [_thread_blocked, id=9972, stack(0x0000000b44400000,0x0000000b44500000)]
  0x000001ffde5b0000 JavaThread "Java2D Disposer" daemon [_thread_blocked, id=42356, stack(0x0000000b44500000,0x0000000b44600000)]
  0x000001ffde5b4000 JavaThread "AWT-Shutdown" [_thread_blocked, id=10764, stack(0x0000000b44600000,0x0000000b44700000)]
  0x000001ffde5c0800 JavaThread "AWT-Windows" daemon [_thread_in_native, id=15088, stack(0x0000000b44700000,0x0000000b44800000)]
  0x000001ffde841800 JavaThread "Image Fetcher 0" daemon [_thread_blocked, id=38480, stack(0x0000000b44800000,0x0000000b44900000)]
=>0x000001ffdea2d000 JavaThread "C2 CompilerThread1" daemon [_thread_in_native, id=18132, stack(0x0000000b44900000,0x0000000b44a00000)]
  0x000001ffdeaab800 JavaThread "AWT-EventQueue-0" [_thread_blocked, id=34472, stack(0x0000000b44a00000,0x0000000b44b00000)]
  0x000001ffbec88800 JavaThread "DestroyJavaVM" [_thread_blocked, id=9680, stack(0x0000000b43400000,0x0000000b43500000)]

Other Threads:
  0x000001ffdd9c5000 VMThread "VM Thread" [stack: 0x0000000b43a00000,0x0000000b43b00000] [id=34532]
  0x000001ffde342800 WatcherThread [stack: 0x0000000b44300000,0x0000000b44400000] [id=31644]
  0x000001ffbecc1800 GCTaskThread "GC Thread#0" [stack: 0x0000000b43500000,0x0000000b43600000] [id=2980]
  0x000001ffbecd0000 ConcurrentGCThread "G1 Main Marker" [stack: 0x0000000b43600000,0x0000000b43700000] [id=36956]
  0x000001ffbecd3000 ConcurrentGCThread "G1 Conc#0" [stack: 0x0000000b43700000,0x0000000b43800000] [id=38836]
  0x000001ffdd83d000 ConcurrentGCThread "G1 Refine#0" [stack: 0x0000000b43800000,0x0000000b43900000] [id=27052]
  0x000001ffdd83e000 ConcurrentGCThread "G1 Young RemSet Sampling" [stack: 0x0000000b43900000,0x0000000b43a00000] [id=17744]

Threads with active compile tasks:
C2 CompilerThread1  1351 %     4       sun.java2d.marlin.DRenderer::_endRendering @ 784 (2480 bytes)

VM state:not at safepoint (normal execution)

VM Mutex/Monitor currently owned by a thread: None

Heap address: 0x0000000081e00000, size: 2018 MB, Compressed Oops mode: 32-bit
Narrow klass base: 0x0000000800000000, Narrow klass shift: 3
Compressed class space size: 1073741824 Address: 0x00000008011a0000

Heap:
 garbage-first heap   total 131072K, used 25600K [0x0000000081e00000, 0x0000000100000000)
  region size 1024K, 21 young (21504K), 0 survivors (0K)
 Metaspace       used 9222K, capacity 9524K, committed 9728K, reserved 1058816K
  class space    used 1041K, capacity 1177K, committed 1280K, reserved 1048576K
Heap Regions: E=young(eden), S=young(survivor), O=old, HS=humongous(starts), HC=humongous(continues), CS=collection set, F=free, A=archive, TAMS=top-at-mark-start (previous, next)
|   0|0x0000000081e00000, 0x0000000081f00000, 0x0000000081f00000|100%|HS|  |TAMS 0x0000000081e00000, 0x0000000081e00000| Complete 
|   1|0x0000000081f00000, 0x0000000082000000, 0x0000000082000000|100%|HS|  |TAMS 0x0000000081f00000, 0x0000000081f00000| Complete 
|   2|0x0000000082000000, 0x0000000082100000, 0x0000000082100000|100%|HC|  |TAMS 0x0000000082000000, 0x0000000082000000| Complete 
|   3|0x0000000082100000, 0x0000000082200000, 0x0000000082200000|100%|HC|  |TAMS 0x0000000082100000, 0x0000000082100000| Complete 
|   4|0x0000000082200000, 0x0000000082300000, 0x0000000082300000|100%|HC|  |TAMS 0x0000000082200000, 0x0000000082200000| Complete 
|   5|0x0000000082300000, 0x0000000082400000, 0x0000000082400000|100%|HC|  |TAMS 0x0000000082300000, 0x0000000082300000| Complete 
|   6|0x0000000082400000, 0x0000000082400000, 0x0000000082500000|  0%| F|  |TAMS 0x0000000082400000, 0x0000000082400000| Untracked 
|   7|0x0000000082500000, 0x0000000082500000, 0x0000000082600000|  0%| F|  |TAMS 0x0000000082500000, 0x0000000082500000| Untracked 
|   8|0x0000000082600000, 0x0000000082600000, 0x0000000082700000|  0%| F|  |TAMS 0x0000000082600000, 0x0000000082600000| Untracked 
|   9|0x0000000082700000, 0x0000000082700000, 0x0000000082800000|  0%| F|  |TAMS 0x0000000082700000, 0x0000000082700000| Untracked 
|  10|0x0000000082800000, 0x0000000082800000, 0x0000000082900000|  0%| F|  |TAMS 0x0000000082800000, 0x0000000082800000| Untracked 
|  11|0x0000000082900000, 0x0000000082900000, 0x0000000082a00000|  0%| F|  |TAMS 0x0000000082900000, 0x0000000082900000| Untracked 
|  12|0x0000000082a00000, 0x0000000082a00000, 0x0000000082b00000|  0%| F|  |TAMS 0x0000000082a00000, 0x0000000082a00000| Untracked 
|  13|0x0000000082b00000, 0x0000000082b00000, 0x0000000082c00000|  0%| F|  |TAMS 0x0000000082b00000, 0x0000000082b00000| Untracked 
|  14|0x0000000082c00000, 0x0000000082c00000, 0x0000000082d00000|  0%| F|  |TAMS 0x0000000082c00000, 0x0000000082c00000| Untracked 
|  15|0x0000000082d00000, 0x0000000082d00000, 0x0000000082e00000|  0%| F|  |TAMS 0x0000000082d00000, 0x0000000082d00000| Untracked 
|  16|0x0000000082e00000, 0x0000000082e00000, 0x0000000082f00000|  0%| F|  |TAMS 0x0000000082e00000, 0x0000000082e00000| Untracked 
|  17|0x0000000082f00000, 0x0000000082f00000, 0x0000000083000000|  0%| F|  |TAMS 0x0000000082f00000, 0x0000000082f00000| Untracked 
|  18|0x0000000083000000, 0x0000000083000000, 0x0000000083100000|  0%| F|  |TAMS 0x0000000083000000, 0x0000000083000000| Untracked 
|  19|0x0000000083100000, 0x0000000083100000, 0x0000000083200000|  0%| F|  |TAMS 0x0000000083100000, 0x0000000083100000| Untracked 
|  20|0x0000000083200000, 0x0000000083200000, 0x0000000083300000|  0%| F|  |TAMS 0x0000000083200000, 0x0000000083200000| Untracked 
|  21|0x0000000083300000, 0x0000000083300000, 0x0000000083400000|  0%| F|  |TAMS 0x0000000083300000, 0x0000000083300000| Untracked 
|  22|0x0000000083400000, 0x0000000083400000, 0x0000000083500000|  0%| F|  |TAMS 0x0000000083400000, 0x0000000083400000| Untracked 
|  23|0x0000000083500000, 0x0000000083500000, 0x0000000083600000|  0%| F|  |TAMS 0x0000000083500000, 0x0000000083500000| Untracked 
|  24|0x0000000083600000, 0x0000000083600000, 0x0000000083700000|  0%| F|  |TAMS 0x0000000083600000, 0x0000000083600000| Untracked 
|  25|0x0000000083700000, 0x0000000083700000, 0x0000000083800000|  0%| F|  |TAMS 0x0000000083700000, 0x0000000083700000| Untracked 
|  26|0x0000000083800000, 0x0000000083800000, 0x0000000083900000|  0%| F|  |TAMS 0x0000000083800000, 0x0000000083800000| Untracked 
|  27|0x0000000083900000, 0x0000000083900000, 0x0000000083a00000|  0%| F|  |TAMS 0x0000000083900000, 0x0000000083900000| Untracked 
|  28|0x0000000083a00000, 0x0000000083a00000, 0x0000000083b00000|  0%| F|  |TAMS 0x0000000083a00000, 0x0000000083a00000| Untracked 
|  29|0x0000000083b00000, 0x0000000083b00000, 0x0000000083c00000|  0%| F|  |TAMS 0x0000000083b00000, 0x0000000083b00000| Untracked 
|  30|0x0000000083c00000, 0x0000000083c00000, 0x0000000083d00000|  0%| F|  |TAMS 0x0000000083c00000, 0x0000000083c00000| Untracked 
|  31|0x0000000083d00000, 0x0000000083d00000, 0x0000000083e00000|  0%| F|  |TAMS 0x0000000083d00000, 0x0000000083d00000| Untracked 
|  32|0x0000000083e00000, 0x0000000083e00000, 0x0000000083f00000|  0%| F|  |TAMS 0x0000000083e00000, 0x0000000083e00000| Untracked 
|  33|0x0000000083f00000, 0x0000000083f00000, 0x0000000084000000|  0%| F|  |TAMS 0x0000000083f00000, 0x0000000083f00000| Untracked 
|  34|0x0000000084000000, 0x0000000084000000, 0x0000000084100000|  0%| F|  |TAMS 0x0000000084000000, 0x0000000084000000| Untracked 
|  35|0x0000000084100000, 0x0000000084100000, 0x0000000084200000|  0%| F|  |TAMS 0x0000000084100000, 0x0000000084100000| Untracked 
|  36|0x0000000084200000, 0x0000000084200000, 0x0000000084300000|  0%| F|  |TAMS 0x0000000084200000, 0x0000000084200000| Untracked 
|  37|0x0000000084300000, 0x0000000084300000, 0x0000000084400000|  0%| F|  |TAMS 0x0000000084300000, 0x0000000084300000| Untracked 
|  38|0x0000000084400000, 0x0000000084400000, 0x0000000084500000|  0%| F|  |TAMS 0x0000000084400000, 0x0000000084400000| Untracked 
|  39|0x0000000084500000, 0x0000000084500000, 0x0000000084600000|  0%| F|  |TAMS 0x0000000084500000, 0x0000000084500000| Untracked 
|  40|0x0000000084600000, 0x0000000084600000, 0x0000000084700000|  0%| F|  |TAMS 0x0000000084600000, 0x0000000084600000| Untracked 
|  41|0x0000000084700000, 0x0000000084700000, 0x0000000084800000|  0%| F|  |TAMS 0x0000000084700000, 0x0000000084700000| Untracked 
|  42|0x0000000084800000, 0x0000000084800000, 0x0000000084900000|  0%| F|  |TAMS 0x0000000084800000, 0x0000000084800000| Untracked 
|  43|0x0000000084900000, 0x0000000084900000, 0x0000000084a00000|  0%| F|  |TAMS 0x0000000084900000, 0x0000000084900000| Untracked 
|  44|0x0000000084a00000, 0x0000000084a00000, 0x0000000084b00000|  0%| F|  |TAMS 0x0000000084a00000, 0x0000000084a00000| Untracked 
|  45|0x0000000084b00000, 0x0000000084b00000, 0x0000000084c00000|  0%| F|  |TAMS 0x0000000084b00000, 0x0000000084b00000| Untracked 
|  46|0x0000000084c00000, 0x0000000084c00000, 0x0000000084d00000|  0%| F|  |TAMS 0x0000000084c00000, 0x0000000084c00000| Untracked 
|  47|0x0000000084d00000, 0x0000000084d00000, 0x0000000084e00000|  0%| F|  |TAMS 0x0000000084d00000, 0x0000000084d00000| Untracked 
|  48|0x0000000084e00000, 0x0000000084e00000, 0x0000000084f00000|  0%| F|  |TAMS 0x0000000084e00000, 0x0000000084e00000| Untracked 
|  49|0x0000000084f00000, 0x0000000084f00000, 0x0000000085000000|  0%| F|  |TAMS 0x0000000084f00000, 0x0000000084f00000| Untracked 
|  50|0x0000000085000000, 0x0000000085000000, 0x0000000085100000|  0%| F|  |TAMS 0x0000000085000000, 0x0000000085000000| Untracked 
|  51|0x0000000085100000, 0x0000000085100000, 0x0000000085200000|  0%| F|  |TAMS 0x0000000085100000, 0x0000000085100000| Untracked 
|  52|0x0000000085200000, 0x0000000085200000, 0x0000000085300000|  0%| F|  |TAMS 0x0000000085200000, 0x0000000085200000| Untracked 
|  53|0x0000000085300000, 0x0000000085300000, 0x0000000085400000|  0%| F|  |TAMS 0x0000000085300000, 0x0000000085300000| Untracked 
|  54|0x0000000085400000, 0x0000000085400000, 0x0000000085500000|  0%| F|  |TAMS 0x0000000085400000, 0x0000000085400000| Untracked 
|  55|0x0000000085500000, 0x0000000085500000, 0x0000000085600000|  0%| F|  |TAMS 0x0000000085500000, 0x0000000085500000| Untracked 
|  56|0x0000000085600000, 0x0000000085600000, 0x0000000085700000|  0%| F|  |TAMS 0x0000000085600000, 0x0000000085600000| Untracked 
|  57|0x0000000085700000, 0x0000000085700000, 0x0000000085800000|  0%| F|  |TAMS 0x0000000085700000, 0x0000000085700000| Untracked 
|  58|0x0000000085800000, 0x0000000085800000, 0x0000000085900000|  0%| F|  |TAMS 0x0000000085800000, 0x0000000085800000| Untracked 
|  59|0x0000000085900000, 0x0000000085900000, 0x0000000085a00000|  0%| F|  |TAMS 0x0000000085900000, 0x0000000085900000| Untracked 
|  60|0x0000000085a00000, 0x0000000085a00000, 0x0000000085b00000|  0%| F|  |TAMS 0x0000000085a00000, 0x0000000085a00000| Untracked 
|  61|0x0000000085b00000, 0x0000000085b00000, 0x0000000085c00000|  0%| F|  |TAMS 0x0000000085b00000, 0x0000000085b00000| Untracked 
|  62|0x0000000085c00000, 0x0000000085c00000, 0x0000000085d00000|  0%| F|  |TAMS 0x0000000085c00000, 0x0000000085c00000| Untracked 
|  63|0x0000000085d00000, 0x0000000085d00000, 0x0000000085e00000|  0%| F|  |TAMS 0x0000000085d00000, 0x0000000085d00000| Untracked 
|  64|0x0000000085e00000, 0x0000000085e00000, 0x0000000085f00000|  0%| F|  |TAMS 0x0000000085e00000, 0x0000000085e00000| Untracked 
|  65|0x0000000085f00000, 0x0000000085f00000, 0x0000000086000000|  0%| F|  |TAMS 0x0000000085f00000, 0x0000000085f00000| Untracked 
|  66|0x0000000086000000, 0x0000000086000000, 0x0000000086100000|  0%| F|  |TAMS 0x0000000086000000, 0x0000000086000000| Untracked 
|  67|0x0000000086100000, 0x0000000086100000, 0x0000000086200000|  0%| F|  |TAMS 0x0000000086100000, 0x0000000086100000| Untracked 
|  68|0x0000000086200000, 0x0000000086200000, 0x0000000086300000|  0%| F|  |TAMS 0x0000000086200000, 0x0000000086200000| Untracked 
|  69|0x0000000086300000, 0x0000000086300000, 0x0000000086400000|  0%| F|  |TAMS 0x0000000086300000, 0x0000000086300000| Untracked 
|  70|0x0000000086400000, 0x0000000086400000, 0x0000000086500000|  0%| F|  |TAMS 0x0000000086400000, 0x0000000086400000| Untracked 
|  71|0x0000000086500000, 0x0000000086500000, 0x0000000086600000|  0%| F|  |TAMS 0x0000000086500000, 0x0000000086500000| Untracked 
|  72|0x0000000086600000, 0x0000000086600000, 0x0000000086700000|  0%| F|  |TAMS 0x0000000086600000, 0x0000000086600000| Untracked 
|  73|0x0000000086700000, 0x0000000086700000, 0x0000000086800000|  0%| F|  |TAMS 0x0000000086700000, 0x0000000086700000| Untracked 
|  74|0x0000000086800000, 0x0000000086800000, 0x0000000086900000|  0%| F|  |TAMS 0x0000000086800000, 0x0000000086800000| Untracked 
|  75|0x0000000086900000, 0x0000000086900000, 0x0000000086a00000|  0%| F|  |TAMS 0x0000000086900000, 0x0000000086900000| Untracked 
|  76|0x0000000086a00000, 0x0000000086a00000, 0x0000000086b00000|  0%| F|  |TAMS 0x0000000086a00000, 0x0000000086a00000| Untracked 
|  77|0x0000000086b00000, 0x0000000086b00000, 0x0000000086c00000|  0%| F|  |TAMS 0x0000000086b00000, 0x0000000086b00000| Untracked 
|  78|0x0000000086c00000, 0x0000000086c00000, 0x0000000086d00000|  0%| F|  |TAMS 0x0000000086c00000, 0x0000000086c00000| Untracked 
|  79|0x0000000086d00000, 0x0000000086d00000, 0x0000000086e00000|  0%| F|  |TAMS 0x0000000086d00000, 0x0000000086d00000| Untracked 
|  80|0x0000000086e00000, 0x0000000086e00000, 0x0000000086f00000|  0%| F|  |TAMS 0x0000000086e00000, 0x0000000086e00000| Untracked 
|  81|0x0000000086f00000, 0x0000000086f00000, 0x0000000087000000|  0%| F|  |TAMS 0x0000000086f00000, 0x0000000086f00000| Untracked 
|  82|0x0000000087000000, 0x0000000087000000, 0x0000000087100000|  0%| F|  |TAMS 0x0000000087000000, 0x0000000087000000| Untracked 
|  83|0x0000000087100000, 0x0000000087100000, 0x0000000087200000|  0%| F|  |TAMS 0x0000000087100000, 0x0000000087100000| Untracked 
|  84|0x0000000087200000, 0x0000000087200000, 0x0000000087300000|  0%| F|  |TAMS 0x0000000087200000, 0x0000000087200000| Untracked 
|  85|0x0000000087300000, 0x0000000087300000, 0x0000000087400000|  0%| F|  |TAMS 0x0000000087300000, 0x0000000087300000| Untracked 
|  86|0x0000000087400000, 0x0000000087400000, 0x0000000087500000|  0%| F|  |TAMS 0x0000000087400000, 0x0000000087400000| Untracked 
|  87|0x0000000087500000, 0x0000000087500000, 0x0000000087600000|  0%| F|  |TAMS 0x0000000087500000, 0x0000000087500000| Untracked 
|  88|0x0000000087600000, 0x0000000087600000, 0x0000000087700000|  0%| F|  |TAMS 0x0000000087600000, 0x0000000087600000| Untracked 
|  89|0x0000000087700000, 0x0000000087700000, 0x0000000087800000|  0%| F|  |TAMS 0x0000000087700000, 0x0000000087700000| Untracked 
|  90|0x0000000087800000, 0x0000000087800000, 0x0000000087900000|  0%| F|  |TAMS 0x0000000087800000, 0x0000000087800000| Untracked 
|  91|0x0000000087900000, 0x0000000087900000, 0x0000000087a00000|  0%| F|  |TAMS 0x0000000087900000, 0x0000000087900000| Untracked 
|  92|0x0000000087a00000, 0x0000000087a00000, 0x0000000087b00000|  0%| F|  |TAMS 0x0000000087a00000, 0x0000000087a00000| Untracked 
|  93|0x0000000087b00000, 0x0000000087b00000, 0x0000000087c00000|  0%| F|  |TAMS 0x0000000087b00000, 0x0000000087b00000| Untracked 
|  94|0x0000000087c00000, 0x0000000087c00000, 0x0000000087d00000|  0%| F|  |TAMS 0x0000000087c00000, 0x0000000087c00000| Untracked 
|  95|0x0000000087d00000, 0x0000000087d00000, 0x0000000087e00000|  0%| F|  |TAMS 0x0000000087d00000, 0x0000000087d00000| Untracked 
|  96|0x0000000087e00000, 0x0000000087e00000, 0x0000000087f00000|  0%| F|  |TAMS 0x0000000087e00000, 0x0000000087e00000| Untracked 
|  97|0x0000000087f00000, 0x0000000087f00000, 0x0000000088000000|  0%| F|  |TAMS 0x0000000087f00000, 0x0000000087f00000| Untracked 
|  98|0x0000000088000000, 0x0000000088000000, 0x0000000088100000|  0%| F|  |TAMS 0x0000000088000000, 0x0000000088000000| Untracked 
|  99|0x0000000088100000, 0x0000000088100000, 0x0000000088200000|  0%| F|  |TAMS 0x0000000088100000, 0x0000000088100000| Untracked 
| 100|0x0000000088200000, 0x0000000088200000, 0x0000000088300000|  0%| F|  |TAMS 0x0000000088200000, 0x0000000088200000| Untracked 
| 101|0x0000000088300000, 0x0000000088300000, 0x0000000088400000|  0%| F|  |TAMS 0x0000000088300000, 0x0000000088300000| Untracked 
| 102|0x0000000088400000, 0x0000000088400000, 0x0000000088500000|  0%| F|  |TAMS 0x0000000088400000, 0x0000000088400000| Untracked 
| 103|0x0000000088500000, 0x0000000088500000, 0x0000000088600000|  0%| F|  |TAMS 0x0000000088500000, 0x0000000088500000| Untracked 
| 104|0x0000000088600000, 0x0000000088600000, 0x0000000088700000|  0%| F|  |TAMS 0x0000000088600000, 0x0000000088600000| Untracked 
| 105|0x0000000088700000, 0x0000000088700000, 0x0000000088800000|  0%| F|  |TAMS 0x0000000088700000, 0x0000000088700000| Untracked 
| 106|0x0000000088800000, 0x0000000088800000, 0x0000000088900000|  0%| F|  |TAMS 0x0000000088800000, 0x0000000088800000| Untracked 
| 107|0x0000000088900000, 0x00000000889ea480, 0x0000000088a00000| 91%| E|  |TAMS 0x0000000088900000, 0x0000000088900000| Complete 
| 108|0x0000000088a00000, 0x0000000088b00000, 0x0000000088b00000|100%| E|CS|TAMS 0x0000000088a00000, 0x0000000088a00000| Complete 
| 109|0x0000000088b00000, 0x0000000088c00000, 0x0000000088c00000|100%| E|  |TAMS 0x0000000088b00000, 0x0000000088b00000| Complete 
| 110|0x0000000088c00000, 0x0000000088d00000, 0x0000000088d00000|100%| E|CS|TAMS 0x0000000088c00000, 0x0000000088c00000| Complete 
| 111|0x0000000088d00000, 0x0000000088e00000, 0x0000000088e00000|100%| E|CS|TAMS 0x0000000088d00000, 0x0000000088d00000| Complete 
| 112|0x0000000088e00000, 0x0000000088f00000, 0x0000000088f00000|100%| E|CS|TAMS 0x0000000088e00000, 0x0000000088e00000| Complete 
| 113|0x0000000088f00000, 0x0000000089000000, 0x0000000089000000|100%| E|CS|TAMS 0x0000000088f00000, 0x0000000088f00000| Complete 
| 114|0x0000000089000000, 0x0000000089100000, 0x0000000089100000|100%| E|CS|TAMS 0x0000000089000000, 0x0000000089000000| Complete 
| 115|0x0000000089100000, 0x0000000089200000, 0x0000000089200000|100%| E|CS|TAMS 0x0000000089100000, 0x0000000089100000| Complete 
| 116|0x0000000089200000, 0x0000000089300000, 0x0000000089300000|100%| E|CS|TAMS 0x0000000089200000, 0x0000000089200000| Complete 
| 117|0x0000000089300000, 0x0000000089400000, 0x0000000089400000|100%| E|CS|TAMS 0x0000000089300000, 0x0000000089300000| Complete 
| 118|0x0000000089400000, 0x0000000089500000, 0x0000000089500000|100%| E|CS|TAMS 0x0000000089400000, 0x0000000089400000| Complete 
| 119|0x0000000089500000, 0x0000000089600000, 0x0000000089600000|100%| E|CS|TAMS 0x0000000089500000, 0x0000000089500000| Complete 
| 120|0x0000000089600000, 0x0000000089700000, 0x0000000089700000|100%| E|CS|TAMS 0x0000000089600000, 0x0000000089600000| Complete 
| 121|0x0000000089700000, 0x0000000089800000, 0x0000000089800000|100%| E|CS|TAMS 0x0000000089700000, 0x0000000089700000| Complete 
| 122|0x0000000089800000, 0x0000000089900000, 0x0000000089900000|100%| E|CS|TAMS 0x0000000089800000, 0x0000000089800000| Complete 
| 123|0x0000000089900000, 0x0000000089a00000, 0x0000000089a00000|100%| E|CS|TAMS 0x0000000089900000, 0x0000000089900000| Complete 
| 124|0x0000000089a00000, 0x0000000089b00000, 0x0000000089b00000|100%| E|CS|TAMS 0x0000000089a00000, 0x0000000089a00000| Complete 
| 125|0x0000000089b00000, 0x0000000089c00000, 0x0000000089c00000|100%| E|CS|TAMS 0x0000000089b00000, 0x0000000089b00000| Complete 
| 126|0x0000000089c00000, 0x0000000089d00000, 0x0000000089d00000|100%| E|CS|TAMS 0x0000000089c00000, 0x0000000089c00000| Complete 
| 127|0x0000000089d00000, 0x0000000089e00000, 0x0000000089e00000|100%| E|CS|TAMS 0x0000000089d00000, 0x0000000089d00000| Complete 

Card table byte_map: [0x000001ffd67c0000,0x000001ffd6bc0000] _byte_map_base: 0x000001ffd63b1000

Marking Bits (Prev, Next): (CMBitMap*) 0x000001ffbecc2478, (CMBitMap*) 0x000001ffbecc24b8
 Prev Bits: [0x000001ffd6fc0000, 0x000001ffd8f48000)
 Next Bits: [0x000001ffd8f50000, 0x000001ffdaed8000)

Polling page: 0x000001ffbe460000

Metaspace:

Usage:
  Non-class:      8.15 MB capacity,     7.99 MB ( 98%) used,   138.38 KB (  2%) free+waste,    27.81 KB ( <1%) overhead. 
      Class:      1.15 MB capacity,     1.02 MB ( 88%) used,   119.38 KB ( 10%) free+waste,    16.31 KB (  1%) overhead. 
       Both:      9.30 MB capacity,     9.01 MB ( 97%) used,   257.77 KB (  3%) free+waste,    44.13 KB ( <1%) overhead. 

Virtual space:
  Non-class space:       10.00 MB reserved,       8.25 MB ( 83%) committed 
      Class space:        1.00 GB reserved,       1.25 MB ( <1%) committed 
             Both:        1.01 GB reserved,       9.50 MB ( <1%) committed 

Chunk freelists:
   Non-Class:  4.63 KB
       Class:  896 bytes
        Both:  5.50 KB

CodeHeap 'non-profiled nmethods': size=120000Kb used=514Kb max_used=514Kb free=119486Kb
 bounds [0x000001ffceb60000, 0x000001ffcedd0000, 0x000001ffd6090000]
CodeHeap 'profiled nmethods': size=120000Kb used=2968Kb max_used=2968Kb free=117032Kb
 bounds [0x000001ffc7630000, 0x000001ffc7920000, 0x000001ffceb60000]
CodeHeap 'non-nmethods': size=5760Kb used=1245Kb max_used=1282Kb free=4514Kb
 bounds [0x000001ffc7090000, 0x000001ffc7300000, 0x000001ffc7630000]
 total_blobs=2404 nmethods=1515 adapters=530
 compilation: enabled
              stopped_count=0, restarted_count=0
 full_count=0

Compilation events (10 events):
Event: 0.862 Thread 0x000001ffde1fb800 1514       3       java.util.Arrays::equals (43 bytes)
Event: 0.862 Thread 0x000001ffde1fb800 nmethod 1514 0x000001ffc7910790 code [0x000001ffc7910960, 0x000001ffc7910c70]
Event: 0.863 Thread 0x000001ffde1fb800 1515       3       java.awt.AWTKeyStroke::hashCode (36 bytes)
Event: 0.863 Thread 0x000001ffde1fb800 nmethod 1515 0x000001ffc7910d90 code [0x000001ffc7910f40, 0x000001ffc7911138]
Event: 0.890 Thread 0x000001ffdea2d000 nmethod 1305 0x000001ffcebd5210 code [0x000001ffcebd5620, 0x000001ffcebdb1c8]
Event: 0.890 Thread 0x000001ffdea2d000 1364       4       java.util.Arrays::binarySearch0 (95 bytes)
Event: 0.892 Thread 0x000001ffdea2d000 nmethod 1364 0x000001ffcebde190 code [0x000001ffcebde340, 0x000001ffcebde518]
Event: 0.892 Thread 0x000001ffdea2d000 1348 %     4       java.awt.GradientPaintContext::clipFillRaster @ 61 (150 bytes)
Event: 0.905 Thread 0x000001ffdea2d000 nmethod 1348% 0x000001ffcebde710 code [0x000001ffcebde920, 0x000001ffcebdf438]
Event: 0.905 Thread 0x000001ffdea2d000 1351 %     4       sun.java2d.marlin.DRenderer::_endRendering @ 784 (2480 bytes)

GC Heap History (0 events):
No events

Deoptimization events (10 events):
Event: 0.355 Thread 0x000001ffbec88800 Uncommon trap: reason=bimorphic_or_optimized_type_check action=maybe_recompile pc=0x000001ffceb9855c method=java.util.HashMap.getNode(ILjava/lang/Object;)Ljava/util/HashMap$Node; @ 59 c2
Event: 0.355 Thread 0x000001ffbec88800 Uncommon trap: reason=bimorphic_or_optimized_type_check action=maybe_recompile pc=0x000001ffceb9855c method=java.util.HashMap.getNode(ILjava/lang/Object;)Ljava/util/HashMap$Node; @ 59 c2
Event: 0.355 Thread 0x000001ffbec88800 Uncommon trap: reason=bimorphic_or_optimized_type_check action=maybe_recompile pc=0x000001ffceb9855c method=java.util.HashMap.getNode(ILjava/lang/Object;)Ljava/util/HashMap$Node; @ 59 c2
Event: 0.463 Thread 0x000001ffdeaab800 Uncommon trap: reason=unstable_if action=reinterpret pc=0x000001ffcebad774 method=java.lang.StringLatin1.toLowerCase(Ljava/lang/String;[BLjava/util/Locale;)Ljava/lang/String; @ 40 c2
Event: 0.696 Thread 0x000001ffdeaab800 Uncommon trap: reason=class_check action=maybe_recompile pc=0x000001ffceb9c2c8 method=java.util.HashMap.putVal(ILjava/lang/Object;Ljava/lang/Object;ZZ)Ljava/lang/Object; @ 203 c2
Event: 0.698 Thread 0x000001ffdeaab800 Uncommon trap: reason=class_check action=maybe_recompile pc=0x000001ffceb9c2c8 method=java.util.HashMap.putVal(ILjava/lang/Object;Ljava/lang/Object;ZZ)Ljava/lang/Object; @ 203 c2
Event: 0.701 Thread 0x000001ffdeaab800 Uncommon trap: reason=class_check action=maybe_recompile pc=0x000001ffceb9c2c8 method=java.util.HashMap.putVal(ILjava/lang/Object;Ljava/lang/Object;ZZ)Ljava/lang/Object; @ 203 c2
Event: 0.702 Thread 0x000001ffdeaab800 Uncommon trap: reason=class_check action=maybe_recompile pc=0x000001ffceb9c2c8 method=java.util.HashMap.putVal(ILjava/lang/Object;Ljava/lang/Object;ZZ)Ljava/lang/Object; @ 203 c2
Event: 0.705 Thread 0x000001ffdeaab800 Uncommon trap: reason=class_check action=maybe_recompile pc=0x000001ffceb9e7e0 method=java.util.HashMap.putVal(ILjava/lang/Object;Ljava/lang/Object;ZZ)Ljava/lang/Object; @ 203 c2
Event: 0.713 Thread 0x000001ffdeaab800 Uncommon trap: reason=unstable_if action=reinterpret pc=0x000001ffcebbd2b8 method=java.lang.Character.isSurrogate(C)Z @ 3 c2

Classes redefined (0 events):
No events

Internal exceptions (10 events):
Event: 0.145 Thread 0x000001ffbec88800 Exception <a 'java/lang/NoSuchMethodError'{0x0000000089a0fad8}: java.lang.invoke.DirectMethodHandle$Holder.invokeStatic(Ljava/lang/Object;Ljava/lang/Object;Ljava/lang/Object;Ljava/lang/Object;Ljava/lang/Object;Ljava/lang/Object;Ljava/lang/Object;J)Ljava/l
Event: 0.170 Thread 0x000001ffbec88800 Exception <a 'java/lang/NoSuchMethodError'{0x0000000089abd060}: java.lang.invoke.DirectMethodHandle$Holder.invokeStatic(Ljava/lang/Object;ILjava/lang/Object;Ljava/lang/Object;Ljava/lang/Object;Ljava/lang/Object;)Ljava/lang/Object;> (0x0000000089abd060) th
Event: 0.171 Thread 0x000001ffbec88800 Exception <a 'java/lang/NoSuchMethodError'{0x0000000089ac3c80}: java.lang.invoke.DirectMethodHandle$Holder.invokeStatic(Ljava/lang/Object;ILjava/lang/Object;Ljava/lang/Object;Ljava/lang/Object;)Ljava/lang/Object;> (0x0000000089ac3c80) thrown at [t:/worksp
Event: 0.171 Thread 0x000001ffbec88800 Exception <a 'java/lang/NoSuchMethodError'{0x0000000089ac74d8}: java.lang.invoke.DirectMethodHandle$Holder.invokeSpecial(Ljava/lang/Object;Ljava/lang/Object;ILjava/lang/Object;Ljava/lang/Object;Ljava/lang/Object;)Ljava/lang/Object;> (0x0000000089ac74d8) t
Event: 0.185 Thread 0x000001ffbec88800 Exception <a 'java/lang/ClassNotFoundException'{0x0000000089986888}: com/sun/swing/internal/plaf/metal/resources/spi/metalProvider> (0x0000000089986888) thrown at [t:/workspace/open/src/hotspot/share/classfile/systemDictionary.cpp, line 235]
Event: 0.186 Thread 0x000001ffbec88800 Exception <a 'java/lang/ClassNotFoundException'{0x000000008998d300}: com/sun/swing/internal/plaf/basic/resources/spi/basicProvider> (0x000000008998d300) thrown at [t:/workspace/open/src/hotspot/share/classfile/systemDictionary.cpp, line 235]
Event: 0.316 Thread 0x000001ffbec88800 Exception <a 'java/lang/NoSuchMethodError'{0x00000000895f3048}: java.lang.invoke.DirectMethodHandle$Holder.invokeStaticInit(Ljava/lang/Object;)V> (0x00000000895f3048) thrown at [t:/workspace/open/src/hotspot/share/interpreter/linkResolver.cpp, line 777]
Event: 0.323 Thread 0x000001ffbec88800 Exception <a 'java/io/FileNotFoundException'{0x0000000089301808}> (0x0000000089301808) thrown at [t:/workspace/open/src/hotspot/share/prims/jni.cpp, line 615]
Event: 0.323 Thread 0x000001ffbec88800 Exception <a 'java/lang/NullPointerException'{0x0000000089302068}> (0x0000000089302068) thrown at [t:/workspace/open/src/hotspot/share/interpreter/linkResolver.cpp, line 1356]
Event: 0.340 Thread 0x000001ffbec88800 Exception <a 'java/lang/NoSuchMethodError'{0x00000000893844e8}: java.lang.invoke.Invokers$Holder.linkToTargetMethod(Ljava/lang/Object;ILjava/lang/Object;)Ljava/lang/Object;> (0x00000000893844e8) thrown at [t:/workspace/open/src/hotspot/share/interpreter/l

Events (10 events):
Event: 0.860 loading class java/text/AttributedString$AttributedStringIterator done
Event: 0.861 Executing VM operation: RevokeBias
Event: 0.861 Executing VM operation: RevokeBias done
Event: 0.861 Executing VM operation: RevokeBias
Event: 0.861 Executing VM operation: RevokeBias done
Event: 0.861 Executing VM operation: RevokeBias
Event: 0.861 Executing VM operation: RevokeBias done
Event: 0.861 Executing VM operation: RevokeBias
Event: 0.861 Executing VM operation: RevokeBias done
Event: 0.863 loading class sun/awt/DebugSettings


Dynamic libraries:
0x00007ff60fee0000 - 0x00007ff60feef000 	E:\eclipseWIDE\jdk-12.0.1\bin\javaw.exe
0x00007ffcf6da0000 - 0x00007ffcf6f90000 	C:\WINDOWS\SYSTEM32\ntdll.dll
0x00007ffcf6300000 - 0x00007ffcf63b2000 	C:\WINDOWS\System32\KERNEL32.DLL
0x00007ffcf4ba0000 - 0x00007ffcf4e43000 	C:\WINDOWS\System32\KERNELBASE.dll
0x00007ffcf4220000 - 0x00007ffcf431a000 	C:\WINDOWS\System32\ucrtbase.dll
0x00007ffcea6a0000 - 0x00007ffcea6b8000 	E:\eclipseWIDE\jdk-12.0.1\bin\jli.dll
0x00007ffcea6d0000 - 0x00007ffcea6e6000 	E:\eclipseWIDE\jdk-12.0.1\bin\VCRUNTIME140.dll
0x00007ffcf6c00000 - 0x00007ffcf6ca3000 	C:\WINDOWS\System32\ADVAPI32.dll
0x00007ffcf59b0000 - 0x00007ffcf5a4e000 	C:\WINDOWS\System32\msvcrt.dll
0x00007ffcf4e50000 - 0x00007ffcf4ee7000 	C:\WINDOWS\System32\sechost.dll
0x00007ffcf5b70000 - 0x00007ffcf5c90000 	C:\WINDOWS\System32\RPCRT4.dll
0x00007ffcf4ef0000 - 0x00007ffcf5084000 	C:\WINDOWS\System32\USER32.dll
0x00007ffcf3d30000 - 0x00007ffcf3d51000 	C:\WINDOWS\System32\win32u.dll
0x00007ffcf6210000 - 0x00007ffcf6236000 	C:\WINDOWS\System32\GDI32.dll
0x00007ffcf4080000 - 0x00007ffcf4214000 	C:\WINDOWS\System32\gdi32full.dll
0x00007ffce5850000 - 0x00007ffce5ad5000 	C:\WINDOWS\WinSxS\amd64_microsoft.windows.common-controls_6595b64144ccf1df_6.0.18362.535_none_e6c3b34713100821\COMCTL32.dll
0x00007ffcf4b00000 - 0x00007ffcf4b9e000 	C:\WINDOWS\System32\msvcp_win.dll
0x00007ffcf5c90000 - 0x00007ffcf5fc6000 	C:\WINDOWS\System32\combase.dll
0x00007ffcf3ed0000 - 0x00007ffcf3f50000 	C:\WINDOWS\System32\bcryptPrimitives.dll
0x00007ffced670000 - 0x00007ffced67a000 	C:\WINDOWS\SYSTEM32\VERSION.dll
0x00007ffcf62d0000 - 0x00007ffcf62fe000 	C:\WINDOWS\System32\IMM32.DLL
0x00007ffce3900000 - 0x00007ffce39aa000 	E:\eclipseWIDE\jdk-12.0.1\bin\msvcp140.dll
0x00007ffcb0ff0000 - 0x00007ffcb1b64000 	E:\eclipseWIDE\jdk-12.0.1\bin\server\jvm.dll
0x00007ffcf6180000 - 0x00007ffcf6188000 	C:\WINDOWS\System32\PSAPI.DLL
0x00007ffcefce0000 - 0x00007ffcefce9000 	C:\WINDOWS\SYSTEM32\WSOCK32.dll
0x00007ffcd92c0000 - 0x00007ffcd92e4000 	C:\WINDOWS\SYSTEM32\WINMM.dll
0x00007ffcf61a0000 - 0x00007ffcf620f000 	C:\WINDOWS\System32\WS2_32.dll
0x00007ffce8f30000 - 0x00007ffce8f5d000 	C:\WINDOWS\SYSTEM32\WINMMBASE.dll
0x00007ffcf4030000 - 0x00007ffcf407a000 	C:\WINDOWS\System32\cfgmgr32.dll
0x00007ffcf3ca0000 - 0x00007ffcf3cb1000 	C:\WINDOWS\System32\kernel.appcore.dll
0x00007ffcef5f0000 - 0x00007ffcef601000 	E:\eclipseWIDE\jdk-12.0.1\bin\verify.dll
0x00007ffcf25b0000 - 0x00007ffcf27a4000 	C:\WINDOWS\SYSTEM32\DBGHELP.DLL
0x00007ffce6100000 - 0x00007ffce612a000 	C:\WINDOWS\SYSTEM32\dbgcore.DLL
0x00007ffceb4d0000 - 0x00007ffceb4f6000 	E:\eclipseWIDE\jdk-12.0.1\bin\java.dll
0x00007ffcef290000 - 0x00007ffcef2a7000 	E:\eclipseWIDE\jdk-12.0.1\bin\zip.dll
0x00007ffcef010000 - 0x00007ffcef01a000 	E:\eclipseWIDE\jdk-12.0.1\bin\jimage.dll
0x00007ffcf52c0000 - 0x00007ffcf59a5000 	C:\WINDOWS\System32\SHELL32.dll
0x00007ffcf5a50000 - 0x00007ffcf5af9000 	C:\WINDOWS\System32\shcore.dll
0x00007ffcf4320000 - 0x00007ffcf4a9f000 	C:\WINDOWS\System32\windows.storage.dll
0x00007ffcf3cc0000 - 0x00007ffcf3cdf000 	C:\WINDOWS\System32\profapi.dll
0x00007ffcf3ce0000 - 0x00007ffcf3d2a000 	C:\WINDOWS\System32\powrprof.dll
0x00007ffcf3c70000 - 0x00007ffcf3c80000 	C:\WINDOWS\System32\UMPDC.dll
0x00007ffcf64a0000 - 0x00007ffcf64f2000 	C:\WINDOWS\System32\shlwapi.dll
0x00007ffcf3eb0000 - 0x00007ffcf3ec7000 	C:\WINDOWS\System32\cryptsp.dll
0x00007ffced270000 - 0x00007ffced289000 	E:\eclipseWIDE\jdk-12.0.1\bin\net.dll
0x00007ffcee760000 - 0x00007ffcee850000 	C:\WINDOWS\SYSTEM32\WINHTTP.dll
0x00007ffce9040000 - 0x00007ffce9216000 	C:\WINDOWS\SYSTEM32\urlmon.dll
0x00007ffce6180000 - 0x00007ffce6426000 	C:\WINDOWS\SYSTEM32\iertutil.dll
0x00007ffcf3650000 - 0x00007ffcf365c000 	C:\WINDOWS\SYSTEM32\CRYPTBASE.DLL
0x00007ffcf3480000 - 0x00007ffcf34e7000 	C:\WINDOWS\system32\mswsock.dll
0x00007ffced180000 - 0x00007ffced193000 	E:\eclipseWIDE\jdk-12.0.1\bin\nio.dll
0x00007ffcc5130000 - 0x00007ffcc52cf000 	E:\eclipseWIDE\jdk-12.0.1\bin\awt.dll
0x00007ffcf6b30000 - 0x00007ffcf6bf4000 	C:\WINDOWS\System32\OLEAUT32.dll
0x00007ffcefd90000 - 0x00007ffcf0350000 	C:\WINDOWS\SYSTEM32\d2d1.dll
0x00007ffcf1210000 - 0x00007ffcf129f000 	C:\WINDOWS\SYSTEM32\apphelp.dll
0x00007ffcf2080000 - 0x00007ffcf20ad000 	C:\WINDOWS\system32\DWMAPI.DLL
0x00007ffcf1a70000 - 0x00007ffcf1b09000 	C:\WINDOWS\system32\uxtheme.dll
0x00007ffcc74c0000 - 0x00007ffcc7616000 	C:\WINDOWS\system32\opengl32.dll
0x00007ffcc7490000 - 0x00007ffcc74bc000 	C:\WINDOWS\SYSTEM32\GLU32.dll
0x00007ffcf28e0000 - 0x00007ffcf2900000 	C:\WINDOWS\SYSTEM32\dxcore.dll
0x00007ffcf5090000 - 0x00007ffcf51c5000 	C:\WINDOWS\System32\MSCTF.dll
0x00007ffcf6970000 - 0x00007ffcf6ac6000 	C:\WINDOWS\System32\ole32.dll
0x00007ffce0040000 - 0x00007ffce00c0000 	E:\eclipseWIDE\jdk-12.0.1\bin\freetype.dll
0x00007ffcdff30000 - 0x00007ffcdff9f000 	E:\eclipseWIDE\jdk-12.0.1\bin\fontmanager.dll
0x00007ffcce980000 - 0x00007ffccea1e000 	C:\WINDOWS\System32\TextInputFramework.dll
0x00007ffcd5970000 - 0x00007ffcd5c9a000 	C:\WINDOWS\System32\CoreUIComponents.dll
0x00007ffcf0fd0000 - 0x00007ffcf10a4000 	C:\WINDOWS\System32\CoreMessaging.dll
0x00007ffceee50000 - 0x00007ffceefa3000 	C:\WINDOWS\SYSTEM32\wintypes.dll
0x00007ffcf2cd0000 - 0x00007ffcf2d01000 	C:\WINDOWS\SYSTEM32\ntmarta.dll

dbghelp: loaded successfully - version: 4.0.5 - missing functions: none
symbol engine: initialized successfully - sym options: 0x614 - pdb path: .;E:\eclipseWIDE\jdk-12.0.1\bin;C:\WINDOWS\SYSTEM32;C:\WINDOWS\WinSxS\amd64_microsoft.windows.common-controls_6595b64144ccf1df_6.0.18362.535_none_e6c3b34713100821;E:\eclipseWIDE\jdk-12.0.1\bin\server

VM Arguments:
jvm_args: -Dfile.encoding=UTF-8 
java_command: presenter.system.Sys
java_class_path (initial): E:\eclipseWIDE\workspace\hotel_guest\bin;E:\eclipseWIDE\workspace\hotel_guest\lib\mysql-connector-java-8.0.17.jar
Launcher Type: SUN_STANDARD

[Global flags]
     intx CICompilerCount                          = 4                                         {product} {ergonomic}
     uint ConcGCThreads                            = 2                                         {product} {ergonomic}
     uint G1ConcRefinementThreads                  = 8                                         {product} {ergonomic}
   size_t G1HeapRegionSize                         = 1048576                                   {product} {ergonomic}
    uintx GCDrainStackTargetSize                   = 64                                        {product} {ergonomic}
   size_t InitialHeapSize                          = 134217728                                 {product} {ergonomic}
   size_t MarkStackSize                            = 4194304                                   {product} {ergonomic}
   size_t MaxHeapSize                              = 2116026368                                {product} {ergonomic}
   size_t MaxNewSize                               = 1268776960                                {product} {ergonomic}
   size_t MinHeapDeltaBytes                        = 1048576                                   {product} {ergonomic}
    uintx NonNMethodCodeHeapSize                   = 5836300                                {pd product} {ergonomic}
    uintx NonProfiledCodeHeapSize                  = 122910970                              {pd product} {ergonomic}
    uintx ProfiledCodeHeapSize                     = 122910970                              {pd product} {ergonomic}
    uintx ReservedCodeCacheSize                    = 251658240                              {pd product} {ergonomic}
     bool SegmentedCodeCache                       = true                                      {product} {ergonomic}
     bool UseCompressedClassPointers               = true                                 {lp64_product} {ergonomic}
     bool UseCompressedOops                        = true                                 {lp64_product} {ergonomic}
     bool UseG1GC                                  = true                                      {product} {ergonomic}
     bool UseLargePagesIndividualAllocation        = false                                  {pd product} {ergonomic}

Logging:
Log output configuration:
 #0: stdout all=warning uptime,level,tags
 #1: stderr all=off uptime,level,tags

Environment Variables:
PATH=E:/eclipseWIDE/jdk-12.0.1/bin/server;E:/eclipseWIDE/jdk-12.0.1/bin;E:\eclipseWIDE\jdk-12.0.1\bin;E:\eclipseWIDE\eclipse;
USERNAME=echo
OS=Windows_NT
PROCESSOR_IDENTIFIER=Intel64 Family 6 Model 158 Stepping 10, GenuineIntel



---------------  S Y S T E M  ---------------

OS: Windows 10 , 64 bit Build 18362 (10.0.18362.329)

CPU:total 8 (initial active 8) (4 cores per cpu, 2 threads per core) family 6 model 158 stepping 10, cmov, cx8, fxsr, mmx, sse, sse2, sse3, ssse3, sse4.1, sse4.2, popcnt, avx, avx2, aes, clmul, erms, 3dnowpref, lzcnt, ht, tsc, tscinvbit, bmi1, bmi2, adx, fma

Memory: 4k page, system-wide physical 8066M (530M free)
TotalPageFile size 23169M (AvailPageFile size 3M)
current process WorkingSet (physical memory assigned to process): 99M, peak: 99M
current process commit charge ("private bytes"): 236M, peak: 237M

vm_info: Java HotSpot(TM) 64-Bit Server VM (12.0.1+12) for windows-amd64 JRE (12.0.1+12), built on Apr  2 2019 14:02:19 by "mach5one" with MS VC++ 15.5 (VS2017)

END.
